#
# A fatal error has been detected by the Java Runtime Environment:
#
#  EXCEPTION_ACCESS_VIOLATION (0xc0000005) at pc=0x000000006a932177, pid=29364, tid=12448
#
# JRE version: Java(TM) SE Runtime Environment (8.0_91-b14) (build 1.8.0_91-b14)
# Java VM: Java HotSpot(TM) 64-Bit Server VM (25.91-b14 mixed mode windows-amd64 compressed oops)
# Problematic frame:
# V  [jvm.dll+0x212177]
#
# Failed to write core dump. Minidumps are not enabled by default on client versions of Windows
#
# If you would like to submit a bug report, please visit:
#   http://bugreport.java.com/bugreport/crash.jsp
#

---------------  T H R E A D  ---------------

Current thread (0x000000001f675000):  JavaThread "TaskAcceptor-127.0.0.1" daemon [_thread_in_vm, id=12448, stack(0x0000000022540000,0x0000000022640000)]

siginfo: ExceptionCode=0xc0000005, writing address 0x0000000022635a50

Registers:
RAX=0x0000000022635a50, RBX=0x0000000000000007, RCX=0x0000000000006000, RDX=0x0000000000000013
RSP=0x000000002263ba50, RBP=0x0000000000000000, RSI=0x000000002263ba50, RDI=0x0000000000000007
R8 =0x0000000000000013, R9 =0x000000001f5ed100, R10=0x0000000017c944e8, R11=0x000000002254a1a8
R12=0x000000001f5ed100, R13=0x000000001f675000, R14=0x000000002263bb18, R15=0x0000000017c944e8
RIP=0x000000006a932177, EFLAGS=0x0000000000010206

Top of Stack: (sp=0x000000002263ba50)
0x000000002263ba50:   0000000000000000 0000000000000000
0x000000002263ba60:   000000001f675000 000000001f5ed100
0x000000002263ba70:   00000000ffffffff 000000006a9330a7
0x000000002263ba80:   000000002263bb80 0000000017c944e8
0x000000002263ba90:   000000001f675000 0000000000000000
0x000000002263baa0:   0000000000000000 0000000000000000
0x000000002263bab0:   0000000000000000 00007ffa1b1dc43f
0x000000002263bac0:   0000000017c944e8 000000001f675000
0x000000002263bad0:   000000000357caa0 0000000000000000
0x000000002263bae0:   0000000000000000 00007ffa1b1dc43f
0x000000002263baf0:   0000000000000000 0000000003113e40
0x000000002263bb00:   000000001f50db30 0000000017c944e8
0x000000002263bb10:   000000001f675000 000000001f66d088
0x000000002263bb20:   0000000000000050 0000000003110db0
0x000000002263bb30:   000000002263be60 0000000000000000
0x000000002263bb40:   0000000000000048 0000000000000000 

Instructions: (pc=0x000000006a932177)
0x000000006a932157:   48 89 6c 24 30 33 ed 66 90 e8 db 37 08 00 ff c3
0x000000006a932167:   48 63 c8 48 8b c6 48 0f af cf 48 ff c7 48 2b c1
0x000000006a932177:   89 28 48 63 c3 48 3b 05 1d b5 58 00 7e db 48 8b
0x000000006a932187:   6c 24 30 48 8b 5c 24 38 48 8b 74 24 40 48 83 c4 


Register to memory mapping:

RAX=0x0000000022635a50 is pointing into the stack for thread: 0x000000001f675000
RBX=0x0000000000000007 is an unknown value
RCX=0x0000000000006000 is an unknown value
RDX=0x0000000000000013 is an unknown value
RSP=0x000000002263ba50 is pointing into the stack for thread: 0x000000001f675000
RBP=0x0000000000000000 is an unknown value
RSI=0x000000002263ba50 is pointing into the stack for thread: 0x000000001f675000
RDI=0x0000000000000007 is an unknown value
R8 =0x0000000000000013 is an unknown value
R9 =0x000000001f5ed100 is an unknown value
R10={method} {0x0000000017c944f0} 'transform' '(Ljava/lang/ClassLoader;Ljava/lang/String;Ljava/lang/Class;Ljava/security/ProtectionDomain;[BZ)[B' in 'sun/instrument/InstrumentationImpl'
R11=0x000000002254a1a8 is pointing into the stack for thread: 0x000000001f675000
R12=0x000000001f5ed100 is an unknown value
R13=0x000000001f675000 is a thread
R14=0x000000002263bb18 is pointing into the stack for thread: 0x000000001f675000
R15={method} {0x0000000017c944f0} 'transform' '(Ljava/lang/ClassLoader;Ljava/lang/String;Ljava/lang/Class;Ljava/security/ProtectionDomain;[BZ)[B' in 'sun/instrument/InstrumentationImpl'


Stack: [0x0000000022540000,0x0000000022640000],  sp=0x000000002263ba50,  free space=1006k
Native frames: (J=compiled Java code, j=interpreted, Vv=VM code, C=native code)

Java frames: (J=compiled Java code, j=interpreted, Vv=VM code)
J 860  java.lang.ClassLoader.defineClass1(Ljava/lang/String;[BIILjava/security/ProtectionDomain;Ljava/lang/String;)Ljava/lang/Class; (0 bytes) @ 0x000000000377825f [0x00000000037781c0+0x9f]
J 775 C1 java.lang.ClassLoader.defineClass(Ljava/lang/String;[BIILjava/security/ProtectionDomain;)Ljava/lang/Class; (43 bytes) @ 0x000000000375629c [0x00000000037561a0+0xfc]
J 863 C1 java.net.URLClassLoader.defineClass(Ljava/lang/String;Lsun/misc/Resource;)Ljava/lang/Class; (142 bytes) @ 0x000000000377bf4c [0x000000000377b580+0x9cc]
J 719 C1 java.net.URLClassLoader$1.run()Ljava/lang/Class; (63 bytes) @ 0x000000000373f174 [0x000000000373f0c0+0xb4]
J 718 C1 java.net.URLClassLoader$1.run()Ljava/lang/Object; (5 bytes) @ 0x000000000373ed94 [0x000000000373ed60+0x34]
v  ~StubRoutines::call_stub
J 717  java.security.AccessController.doPrivileged(Ljava/security/PrivilegedExceptionAction;Ljava/security/AccessControlContext;)Ljava/lang/Object; (0 bytes) @ 0x000000000373ea26 [0x000000000373e9c0+0x66]
J 517 C1 java.net.URLClassLoader.findClass(Ljava/lang/String;)Ljava/lang/Class; (47 bytes) @ 0x00000000036f9e34 [0x00000000036f9d80+0xb4]
J 3156 C1 java.lang.ClassLoader.loadClass(Ljava/lang/String;Z)Ljava/lang/Class; (122 bytes) @ 0x0000000003b7c6e4 [0x0000000003b7c3e0+0x304]
J 553 C1 sun.misc.Launcher$AppClassLoader.loadClass(Ljava/lang/String;Z)Ljava/lang/Class; (85 bytes) @ 0x0000000003704644 [0x0000000003704360+0x2e4]
J 552 C1 java.lang.ClassLoader.loadClass(Ljava/lang/String;)Ljava/lang/Class; (7 bytes) @ 0x0000000003704024 [0x0000000003703fe0+0x44]
v  ~StubRoutines::call_stub
j  ch.qos.logback.classic.spi.LoggingEvent.<init>(Ljava/lang/String;Lch/qos/logback/classic/Logger;Lch/qos/logback/classic/Level;Ljava/lang/String;Ljava/lang/Throwable;[Ljava/lang/Object;)V+72
j  ch.qos.logback.classic.Logger.buildLoggingEventAndAppend(Ljava/lang/String;Lorg/slf4j/Marker;Lch/qos/logback/classic/Level;Ljava/lang/String;[Ljava/lang/Object;Ljava/lang/Throwable;)V+13
j  ch.qos.logback.classic.Logger.filterAndLog_0_Or3Plus(Ljava/lang/String;Lorg/slf4j/Marker;Lch/qos/logback/classic/Level;Ljava/lang/String;[Ljava/lang/Object;Ljava/lang/Throwable;)V+57
j  ch.qos.logback.classic.Logger.warn(Ljava/lang/String;Ljava/lang/Throwable;)V+11
j  com.netflix.eureka.util.batcher.AcceptorExecutor$AcceptorRunner.run()V+109
j  java.lang.Thread.run()V+11
v  ~StubRoutines::call_stub

---------------  P R O C E S S  ---------------

Java Threads: ( => current thread )
  0x000000001f678000 JavaThread "Eureka-CacheFillTimer" daemon [_thread_new, id=20628, stack(0x0000000023240000,0x0000000023340000)]
  0x000000001f677000 JavaThread "Eureka-PeerNodesUpdater" daemon [_thread_new, id=8548, stack(0x0000000022740000,0x0000000022840000)]
  0x000000001f675800 JavaThread "TaskNonBatchingWorker-127.0.0.1-0" daemon [_thread_blocked, id=24356, stack(0x0000000022640000,0x0000000022740000)]
=>0x000000001f675000 JavaThread "TaskAcceptor-127.0.0.1" daemon [_thread_in_vm, id=12448, stack(0x0000000022540000,0x0000000022640000)]
  0x000000001f674000 JavaThread "TaskBatchingWorker-target_127.0.0.1-19" daemon [_thread_blocked, id=21628, stack(0x0000000022440000,0x0000000022540000)]
  0x000000001f676800 JavaThread "TaskBatchingWorker-target_127.0.0.1-18" daemon [_thread_blocked, id=13880, stack(0x0000000022340000,0x0000000022440000)]
  0x000000001f673800 JavaThread "TaskBatchingWorker-target_127.0.0.1-17" daemon [_thread_blocked, id=29308, stack(0x0000000022240000,0x0000000022340000)]
  0x000000001f672800 JavaThread "TaskBatchingWorker-target_127.0.0.1-16" daemon [_thread_blocked, id=29476, stack(0x0000000022140000,0x0000000022240000)]
  0x000000001f672000 JavaThread "TaskBatchingWorker-target_127.0.0.1-15" daemon [_thread_blocked, id=29068, stack(0x0000000022040000,0x0000000022140000)]
  0x000000001f589800 JavaThread "TaskBatchingWorker-target_127.0.0.1-14" daemon [_thread_blocked, id=14224, stack(0x0000000021f40000,0x0000000022040000)]
  0x000000001f588000 JavaThread "TaskBatchingWorker-target_127.0.0.1-13" daemon [_thread_blocked, id=20828, stack(0x0000000021e40000,0x0000000021f40000)]
  0x000000001f588800 JavaThread "TaskBatchingWorker-target_127.0.0.1-12" daemon [_thread_blocked, id=12108, stack(0x0000000021d40000,0x0000000021e40000)]
  0x000000001f587000 JavaThread "TaskBatchingWorker-target_127.0.0.1-11" daemon [_thread_blocked, id=14484, stack(0x0000000021c40000,0x0000000021d40000)]
  0x000000001f58b800 JavaThread "TaskBatchingWorker-target_127.0.0.1-10" daemon [_thread_blocked, id=10744, stack(0x0000000021b40000,0x0000000021c40000)]
  0x000000001f58a000 JavaThread "TaskBatchingWorker-target_127.0.0.1-9" daemon [_thread_blocked, id=23324, stack(0x0000000021a40000,0x0000000021b40000)]
  0x000000001f58c800 JavaThread "TaskBatchingWorker-target_127.0.0.1-8" daemon [_thread_blocked, id=1896, stack(0x0000000021940000,0x0000000021a40000)]
  0x000000001f586800 JavaThread "TaskBatchingWorker-target_127.0.0.1-7" daemon [_thread_blocked, id=8012, stack(0x0000000021840000,0x0000000021940000)]
  0x000000001f58b000 JavaThread "TaskBatchingWorker-target_127.0.0.1-6" daemon [_thread_blocked, id=232, stack(0x0000000021740000,0x0000000021840000)]
  0x000000001f57f000 JavaThread "TaskBatchingWorker-target_127.0.0.1-5" daemon [_thread_blocked, id=28924, stack(0x0000000021640000,0x0000000021740000)]
  0x000000001f585800 JavaThread "TaskBatchingWorker-target_127.0.0.1-4" daemon [_thread_blocked, id=28780, stack(0x0000000021540000,0x0000000021640000)]
  0x000000001f585000 JavaThread "TaskBatchingWorker-target_127.0.0.1-3" daemon [_thread_blocked, id=18992, stack(0x0000000021440000,0x0000000021540000)]
  0x000000001f57e000 JavaThread "TaskBatchingWorker-target_127.0.0.1-2" daemon [_thread_blocked, id=18828, stack(0x0000000021340000,0x0000000021440000)]
  0x000000001f584000 JavaThread "TaskBatchingWorker-target_127.0.0.1-1" daemon [_thread_blocked, id=29216, stack(0x0000000021240000,0x0000000021340000)]
  0x000000001f582800 JavaThread "TaskBatchingWorker-target_127.0.0.1-0" daemon [_thread_blocked, id=29240, stack(0x0000000021140000,0x0000000021240000)]
  0x000000001f582000 JavaThread "StatsMonitor-0" daemon [_thread_blocked, id=28100, stack(0x0000000021040000,0x0000000021140000)]
  0x000000001f57d800 JavaThread "TaskAcceptor-target_127.0.0.1" daemon [_thread_blocked, id=29052, stack(0x0000000020f40000,0x0000000021040000)]
  0x000000001f580800 JavaThread "Eureka-JerseyClient-Conn-Cleaner2" daemon [_thread_blocked, id=13160, stack(0x0000000020e40000,0x0000000020f40000)]
  0x000000001f583800 JavaThread "Eureka-MeasureRateTimer" daemon [_thread_blocked, id=23336, stack(0x0000000020b40000,0x0000000020c40000)]
  0x000000001f57f800 JavaThread "ReplicaAwareInstanceRegistry - RenewalThresholdUpdater" daemon [_thread_blocked, id=28748, stack(0x0000000020a40000,0x0000000020b40000)]
  0x000000001f581000 JavaThread "Eureka-MeasureRateTimer" daemon [_thread_blocked, id=27096, stack(0x0000000020940000,0x0000000020a40000)]
  0x000000001cb2e800 JavaThread "Eureka-EvictionTimer" daemon [_thread_blocked, id=22120, stack(0x0000000020840000,0x0000000020940000)]
  0x000000001cb2b000 JavaThread "Eureka-DeltaRetentionTimer" daemon [_thread_blocked, id=12356, stack(0x0000000020740000,0x0000000020840000)]
  0x000000001cb29800 JavaThread "container-0" [_thread_blocked, id=19268, stack(0x000000001f270000,0x000000001f370000)]
  0x000000001cb2e000 JavaThread "ContainerBackgroundProcessor[StandardEngine[Tomcat]]" daemon [_thread_blocked, id=28036, stack(0x000000001dd70000,0x000000001de70000)]
  0x000000001cb28800 JavaThread "spring.cloud.inetutils" daemon [_thread_in_native, id=27924, stack(0x000000001eb70000,0x000000001ec70000)]
  0x000000001cb2b800 JavaThread "SimplePauseDetectorThread_0" daemon [_thread_blocked, id=12908, stack(0x000000001ea70000,0x000000001eb70000)]
  0x000000001cb2a000 JavaThread "Thread-13" daemon [_thread_blocked, id=12516, stack(0x000000001bae0000,0x000000001bbe0000)]
  0x000000001cb2f800 JavaThread "localhost-startStop-1" daemon [_thread_blocked, id=29236, stack(0x000000001e770000,0x000000001e870000)]
  0x000000001cb2d000 JavaThread "Tomcat-startStop-1" daemon [_thread_blocked, id=18860, stack(0x000000001df70000,0x000000001e070000)]
  0x000000001c73b000 JavaThread "RMI TCP Connection(idle)" daemon [_thread_blocked, id=13236, stack(0x000000001de70000,0x000000001df70000)]
  0x000000001c244800 JavaThread "RMI Scheduler(0)" daemon [_thread_blocked, id=14044, stack(0x000000001d570000,0x000000001d670000)]
  0x000000001acc2000 JavaThread "RMI TCP Connection(2)-10.2.22.96" daemon [_thread_in_native, id=26720, stack(0x000000001d470000,0x000000001d570000)]
  0x000000001af1b000 JavaThread "RMI TCP Accept-0" daemon [_thread_in_native, id=29244, stack(0x000000001b8e0000,0x000000001b9e0000)]
  0x000000001add8800 JavaThread "Service Thread" daemon [_thread_blocked, id=22324, stack(0x000000001b7c0000,0x000000001b8c0000)]
  0x000000001ad44000 JavaThread "C1 CompilerThread3" daemon [_thread_in_vm, id=18820, stack(0x000000001b6c0000,0x000000001b7c0000)]
  0x000000001ad24000 JavaThread "C2 CompilerThread2" daemon [_thread_blocked, id=27920, stack(0x000000001b5c0000,0x000000001b6c0000)]
  0x000000001ad21000 JavaThread "C2 CompilerThread1" daemon [_thread_blocked, id=19356, stack(0x000000001b4c0000,0x000000001b5c0000)]
  0x000000001ad39000 JavaThread "C2 CompilerThread0" daemon [_thread_blocked, id=8000, stack(0x000000001b3c0000,0x000000001b4c0000)]
  0x000000001acf1000 JavaThread "Monitor Ctrl-Break" daemon [_thread_in_native, id=28152, stack(0x000000001b2c0000,0x000000001b3c0000)]
  0x000000001849c000 JavaThread "Attach Listener" daemon [_thread_blocked, id=13944, stack(0x000000001a9c0000,0x000000001aac0000)]
  0x000000001a3f8000 JavaThread "Signal Dispatcher" daemon [_thread_blocked, id=28336, stack(0x000000001a8c0000,0x000000001a9c0000)]
  0x0000000018493800 JavaThread "Finalizer" daemon [_thread_blocked, id=17652, stack(0x000000001a760000,0x000000001a860000)]
  0x000000000337e000 JavaThread "Reference Handler" daemon [_thread_blocked, id=17008, stack(0x000000001a260000,0x000000001a360000)]
  0x0000000003288800 JavaThread "main" [_thread_in_Java, id=6936, stack(0x0000000003180000,0x0000000003280000)]

Other Threads:
  0x0000000018489000 VMThread [stack: 0x000000001a160000,0x000000001a260000] [id=23532]
  0x000000001aefd000 WatcherThread [stack: 0x000000001b9e0000,0x000000001bae0000] [id=27732]

VM state:not at safepoint (normal execution)

VM Mutex/Monitor currently owned by a thread: None

Heap:
 PSYoungGen      total 198144K, used 109618K [0x00000000d5f00000, 0x00000000e3200000, 0x0000000100000000)
  eden space 183296K, 55% used [0x00000000d5f00000,0x00000000dc18fda8,0x00000000e1200000)
  from space 14848K, 58% used [0x00000000e1200000,0x00000000e1a7cc80,0x00000000e2080000)
  to   space 12288K, 0% used [0x00000000e2080000,0x00000000e2080000,0x00000000e2c80000)
 ParOldGen       total 86016K, used 27155K [0x0000000081c00000, 0x0000000087000000, 0x00000000d5f00000)
  object space 86016K, 31% used [0x0000000081c00000,0x0000000083684da8,0x0000000087000000)
 Metaspace       used 46054K, capacity 48288K, committed 48384K, reserved 1091584K
  class space    used 6450K, capacity 6862K, committed 6912K, reserved 1048576K

Card table byte_map: [0x00000000128d0000,0x0000000012cd0000] byte_map_base: 0x00000000124c2000

Marking Bits: (ParMarkBitMap*) 0x000000006af32f70
 Begin Bits: [0x0000000013780000, 0x0000000015710000)
 End Bits:   [0x0000000015710000, 0x00000000176a0000)

Polling page: 0x0000000002c90000

CodeCache: size=245760Kb used=9658Kb max_used=9658Kb free=236101Kb
 bounds [0x0000000003510000, 0x0000000003e80000, 0x0000000012510000]
 total_blobs=5275 nmethods=4797 adapters=388
 compilation: disabled (not enough contiguous free space left)

Compilation events (10 events):
Event: 13.842 Thread 0x000000001ad44000 nmethod 4845 0x0000000003c92d10 code [0x0000000003c92e80, 0x0000000003c93048]
Event: 13.842 Thread 0x000000001ad44000 4846       1       com.netflix.servo.tag.SmallTagMap$Builder$1::compare (38 bytes)
Event: 13.842 Thread 0x000000001ad44000 nmethod 4846 0x0000000003c92790 code [0x0000000003c92940, 0x0000000003c92b78]
Event: 13.842 Thread 0x000000001ad44000 4847       1       java.util.concurrent.atomic.AtomicReferenceArray::get (10 bytes)
Event: 13.842 Thread 0x000000001ad44000 nmethod 4847 0x0000000003c92490 code [0x0000000003c925e0, 0x0000000003c92728]
Event: 13.842 Thread 0x000000001ad44000 4848       1       java.util.concurrent.atomic.AtomicReferenceArray::getRaw (12 bytes)
Event: 13.842 Thread 0x000000001ad44000 nmethod 4848 0x0000000003e77150 code [0x0000000003e772a0, 0x0000000003e773b0]
Event: 13.842 Thread 0x000000001ad44000 4849       1       java.util.concurrent.atomic.AtomicInteger::<init> (10 bytes)
Event: 13.842 Thread 0x000000001ad44000 nmethod 4849 0x0000000003e77410 code [0x0000000003e77560, 0x0000000003e77670]
Event: 13.842 Thread 0x000000001ad44000 4850       1       com.google.common.base.Equivalence$Equals::doHash (5 bytes)

GC Heap History (10 events):
Event: 7.802 GC heap before
{Heap before GC invocations=9 (full 1):
 PSYoungGen      total 119808K, used 119782K [0x00000000d5f00000, 0x00000000e2c80000, 0x0000000100000000)
  eden space 109056K, 100% used [0x00000000d5f00000,0x00000000dc980000,0x00000000dc980000)
  from space 10752K, 99% used [0x00000000dc980000,0x00000000dd3f9840,0x00000000dd400000)
  to   space 12288K, 0% used [0x00000000e2080000,0x00000000e2080000,0x00000000e2c80000)
 ParOldGen       total 60928K, used 11235K [0x0000000081c00000, 0x0000000085780000, 0x00000000d5f00000)
  object space 60928K, 18% used [0x0000000081c00000,0x00000000826f8fa0,0x0000000085780000)
 Metaspace       used 33208K, capacity 34884K, committed 35072K, reserved 1079296K
  class space    used 4528K, capacity 4858K, committed 4864K, reserved 1048576K
Event: 7.814 GC heap after
Heap after GC invocations=9 (full 1):
 PSYoungGen      total 195584K, used 12286K [0x00000000d5f00000, 0x00000000e3200000, 0x0000000100000000)
  eden space 183296K, 0% used [0x00000000d5f00000,0x00000000d5f00000,0x00000000e1200000)
  from space 12288K, 99% used [0x00000000e2080000,0x00000000e2c7fa00,0x00000000e2c80000)
  to   space 14848K, 0% used [0x00000000e1200000,0x00000000e1200000,0x00000000e2080000)
 ParOldGen       total 60928K, used 13416K [0x0000000081c00000, 0x0000000085780000, 0x00000000d5f00000)
  object space 60928K, 22% used [0x0000000081c00000,0x000000008291a208,0x0000000085780000)
 Metaspace       used 33208K, capacity 34884K, committed 35072K, reserved 1079296K
  class space    used 4528K, capacity 4858K, committed 4864K, reserved 1048576K
}
Event: 7.947 GC heap before
{Heap before GC invocations=10 (full 1):
 PSYoungGen      total 195584K, used 37173K [0x00000000d5f00000, 0x00000000e3200000, 0x0000000100000000)
  eden space 183296K, 13% used [0x00000000d5f00000,0x00000000d774dd40,0x00000000e1200000)
  from space 12288K, 99% used [0x00000000e2080000,0x00000000e2c7fa00,0x00000000e2c80000)
  to   space 14848K, 0% used [0x00000000e1200000,0x00000000e1200000,0x00000000e2080000)
 ParOldGen       total 60928K, used 13416K [0x0000000081c00000, 0x0000000085780000, 0x00000000d5f00000)
  object space 60928K, 22% used [0x0000000081c00000,0x000000008291a208,0x0000000085780000)
 Metaspace       used 33727K, capacity 35392K, committed 35456K, reserved 1079296K
  class space    used 4616K, capacity 4974K, committed 4992K, reserved 1048576K
Event: 7.957 GC heap after
Heap after GC invocations=10 (full 1):
 PSYoungGen      total 198144K, used 10056K [0x00000000d5f00000, 0x00000000e3200000, 0x0000000100000000)
  eden space 183296K, 0% used [0x00000000d5f00000,0x00000000d5f00000,0x00000000e1200000)
  from space 14848K, 67% used [0x00000000e1200000,0x00000000e1bd2020,0x00000000e2080000)
  to   space 12288K, 0% used [0x00000000e2080000,0x00000000e2080000,0x00000000e2c80000)
 ParOldGen       total 60928K, used 17859K [0x0000000081c00000, 0x0000000085780000, 0x00000000d5f00000)
  object space 60928K, 29% used [0x0000000081c00000,0x0000000082d70e00,0x0000000085780000)
 Metaspace       used 33727K, capacity 35392K, committed 35456K, reserved 1079296K
  class space    used 4616K, capacity 4974K, committed 4992K, reserved 1048576K
}
Event: 7.957 GC heap before
{Heap before GC invocations=11 (full 2):
 PSYoungGen      total 198144K, used 10056K [0x00000000d5f00000, 0x00000000e3200000, 0x0000000100000000)
  eden space 183296K, 0% used [0x00000000d5f00000,0x00000000d5f00000,0x00000000e1200000)
  from space 14848K, 67% used [0x00000000e1200000,0x00000000e1bd2020,0x00000000e2080000)
  to   space 12288K, 0% used [0x00000000e2080000,0x00000000e2080000,0x00000000e2c80000)
 ParOldGen       total 60928K, used 17859K [0x0000000081c00000, 0x0000000085780000, 0x00000000d5f00000)
  object space 60928K, 29% used [0x0000000081c00000,0x0000000082d70e00,0x0000000085780000)
 Metaspace       used 33727K, capacity 35392K, committed 35456K, reserved 1079296K
  class space    used 4616K, capacity 4974K, committed 4992K, reserved 1048576K
Event: 8.024 GC heap after
Heap after GC invocations=11 (full 2):
 PSYoungGen      total 198144K, used 0K [0x00000000d5f00000, 0x00000000e3200000, 0x0000000100000000)
  eden space 183296K, 0% used [0x00000000d5f00000,0x00000000d5f00000,0x00000000e1200000)
  from space 14848K, 0% used [0x00000000e1200000,0x00000000e1200000,0x00000000e2080000)
  to   space 12288K, 0% used [0x00000000e2080000,0x00000000e2080000,0x00000000e2c80000)
 ParOldGen       total 86016K, used 22697K [0x0000000081c00000, 0x0000000087000000, 0x00000000d5f00000)
  object space 86016K, 26% used [0x0000000081c00000,0x000000008322a580,0x0000000087000000)
 Metaspace       used 33727K, capacity 35392K, committed 35456K, reserved 1079296K
  class space    used 4616K, capacity 4974K, committed 4992K, reserved 1048576K
}
Event: 12.190 GC heap before
{Heap before GC invocations=12 (full 2):
 PSYoungGen      total 198144K, used 183296K [0x00000000d5f00000, 0x00000000e3200000, 0x0000000100000000)
  eden space 183296K, 100% used [0x00000000d5f00000,0x00000000e1200000,0x00000000e1200000)
  from space 14848K, 0% used [0x00000000e1200000,0x00000000e1200000,0x00000000e2080000)
  to   space 12288K, 0% used [0x00000000e2080000,0x00000000e2080000,0x00000000e2c80000)
 ParOldGen       total 86016K, used 22697K [0x0000000081c00000, 0x0000000087000000, 0x00000000d5f00000)
  object space 86016K, 26% used [0x0000000081c00000,0x000000008322a580,0x0000000087000000)
 Metaspace       used 37461K, capacity 39220K, committed 39424K, reserved 1083392K
  class space    used 5200K, capacity 5566K, committed 5632K, reserved 1048576K
Event: 12.196 GC heap after
Heap after GC invocations=12 (full 2):
 PSYoungGen      total 195584K, used 7320K [0x00000000d5f00000, 0x00000000e3200000, 0x0000000100000000)
  eden space 183296K, 0% used [0x00000000d5f00000,0x00000000d5f00000,0x00000000e1200000)
  from space 12288K, 59% used [0x00000000e2080000,0x00000000e27a60b8,0x00000000e2c80000)
  to   space 14848K, 0% used [0x00000000e1200000,0x00000000e1200000,0x00000000e2080000)
 ParOldGen       total 86016K, used 22705K [0x0000000081c00000, 0x0000000087000000, 0x00000000d5f00000)
  object space 86016K, 26% used [0x0000000081c00000,0x000000008322c580,0x0000000087000000)
 Metaspace       used 37461K, capacity 39220K, committed 39424K, reserved 1083392K
  class space    used 5200K, capacity 5566K, committed 5632K, reserved 1048576K
}
Event: 13.280 GC heap before
{Heap before GC invocations=13 (full 2):
 PSYoungGen      total 195584K, used 190616K [0x00000000d5f00000, 0x00000000e3200000, 0x0000000100000000)
  eden space 183296K, 100% used [0x00000000d5f00000,0x00000000e1200000,0x00000000e1200000)
  from space 12288K, 59% used [0x00000000e2080000,0x00000000e27a60b8,0x00000000e2c80000)
  to   space 14848K, 0% used [0x00000000e1200000,0x00000000e1200000,0x00000000e2080000)
 ParOldGen       total 86016K, used 22705K [0x0000000081c00000, 0x0000000087000000, 0x00000000d5f00000)
  object space 86016K, 26% used [0x0000000081c00000,0x000000008322c580,0x0000000087000000)
 Metaspace       used 42167K, capacity 44294K, committed 44544K, reserved 1087488K
  class space    used 5938K, capacity 6333K, committed 6400K, reserved 1048576K
Event: 13.289 GC heap after
Heap after GC invocations=13 (full 2):
 PSYoungGen      total 198144K, used 8691K [0x00000000d5f00000, 0x00000000e3200000, 0x0000000100000000)
  eden space 183296K, 0% used [0x00000000d5f00000,0x00000000d5f00000,0x00000000e1200000)
  from space 14848K, 58% used [0x00000000e1200000,0x00000000e1a7cc80,0x00000000e2080000)
  to   space 12288K, 0% used [0x00000000e2080000,0x00000000e2080000,0x00000000e2c80000)
 ParOldGen       total 86016K, used 27155K [0x0000000081c00000, 0x0000000087000000, 0x00000000d5f00000)
  object space 86016K, 31% used [0x0000000081c00000,0x0000000083684da8,0x0000000087000000)
 Metaspace       used 42167K, capacity 44294K, committed 44544K, reserved 1087488K
  class space    used 5938K, capacity 6333K, committed 6400K, reserved 1048576K
}

Deoptimization events (0 events):
No events

Internal exceptions (10 events):
Event: 13.806 Thread 0x0000000003288800 Exception <a 'java/lang/ArrayIndexOutOfBoundsException'> (0x00000000db84c438) thrown at [C:\re\workspace\8-2-build-windows-amd64-cygwin\jdk8u91\6644\hotspot\src\share\vm\runtime\sharedRuntime.cpp, line 605]
Event: 13.807 Thread 0x0000000003288800 Exception <a 'java/lang/ArrayIndexOutOfBoundsException'> (0x00000000db87d7b8) thrown at [C:\re\workspace\8-2-build-windows-amd64-cygwin\jdk8u91\6644\hotspot\src\share\vm\runtime\sharedRuntime.cpp, line 605]
Event: 13.807 Thread 0x0000000003288800 Exception <a 'java/lang/ArrayIndexOutOfBoundsException'> (0x00000000db880610) thrown at [C:\re\workspace\8-2-build-windows-amd64-cygwin\jdk8u91\6644\hotspot\src\share\vm\runtime\sharedRuntime.cpp, line 605]
Event: 13.807 Thread 0x0000000003288800 Exception <a 'java/lang/ArrayIndexOutOfBoundsException'> (0x00000000db8938c8) thrown at [C:\re\workspace\8-2-build-windows-amd64-cygwin\jdk8u91\6644\hotspot\src\share\vm\runtime\sharedRuntime.cpp, line 605]
Event: 13.807 Thread 0x0000000003288800 Exception <a 'java/lang/ArrayIndexOutOfBoundsException'> (0x00000000db895048) thrown at [C:\re\workspace\8-2-build-windows-amd64-cygwin\jdk8u91\6644\hotspot\src\share\vm\runtime\sharedRuntime.cpp, line 605]
Event: 13.807 Thread 0x0000000003288800 Exception <a 'java/lang/ArrayIndexOutOfBoundsException'> (0x00000000db89a448) thrown at [C:\re\workspace\8-2-build-windows-amd64-cygwin\jdk8u91\6644\hotspot\src\share\vm\runtime\sharedRuntime.cpp, line 605]
Event: 13.807 Thread 0x0000000003288800 Exception <a 'java/lang/ArrayIndexOutOfBoundsException'> (0x00000000db89d2d0) thrown at [C:\re\workspace\8-2-build-windows-amd64-cygwin\jdk8u91\6644\hotspot\src\share\vm\runtime\sharedRuntime.cpp, line 605]
Event: 13.807 Thread 0x0000000003288800 Exception <a 'java/lang/ArrayIndexOutOfBoundsException'> (0x00000000db8b1610) thrown at [C:\re\workspace\8-2-build-windows-amd64-cygwin\jdk8u91\6644\hotspot\src\share\vm\runtime\sharedRuntime.cpp, line 605]
Event: 13.807 Thread 0x0000000003288800 Exception <a 'java/lang/ArrayIndexOutOfBoundsException'> (0x00000000db8b2d90) thrown at [C:\re\workspace\8-2-build-windows-amd64-cygwin\jdk8u91\6644\hotspot\src\share\vm\runtime\sharedRuntime.cpp, line 605]
Event: 13.841 Thread 0x000000001f675000 Exception <a 'java/lang/StackOverflowError'> (0x00000000dbe66770) thrown at [C:\re\workspace\8-2-build-windows-amd64-cygwin\jdk8u91\6644\hotspot\src\share\vm\interpreter\interpreterRuntime.cpp, line 323]

Events (10 events):
Event: 13.839 Thread 0x000000001f673800 Thread added: 0x000000001f673800
Event: 13.839 Thread 0x000000001f676800 Thread added: 0x000000001f676800
Event: 13.840 Thread 0x000000001f674000 Thread added: 0x000000001f674000
Event: 13.840 loading class com/netflix/eureka/util/batcher/TaskDispatchers$2
Event: 13.840 loading class com/netflix/eureka/util/batcher/TaskDispatchers$2 done
Event: 13.840 loading class com/netflix/eureka/util/batcher/TaskDispatcher
Event: 13.840 loading class com/netflix/eureka/util/batcher/TaskDispatcher done
Event: 13.841 Thread 0x000000001f675000 Thread added: 0x000000001f675000
Event: 13.841 loading class ch/qos/logback/classic/spi/ThrowableProxy
Event: 13.841 loading class ch/qos/logback/classic/spi/ThrowableProxy done


Dynamic libraries:
0x00007ff7f9700000 - 0x00007ff7f9737000 	C:\Program Files\Java\jdk1.8.0_91\bin\java.exe
0x00007ffa1b1a0000 - 0x00007ffa1b390000 	C:\WINDOWS\SYSTEM32\ntdll.dll
0x00007ffa1a3e0000 - 0x00007ffa1a492000 	C:\WINDOWS\System32\KERNEL32.DLL
0x00007ffa18ce0000 - 0x00007ffa18f84000 	C:\WINDOWS\System32\KERNELBASE.dll
0x00007ffa19640000 - 0x00007ffa196e3000 	C:\WINDOWS\System32\ADVAPI32.dll
0x00007ffa1b0c0000 - 0x00007ffa1b15e000 	C:\WINDOWS\System32\msvcrt.dll
0x00007ffa19d30000 - 0x00007ffa19dc7000 	C:\WINDOWS\System32\sechost.dll
0x00007ffa19250000 - 0x00007ffa19370000 	C:\WINDOWS\System32\RPCRT4.dll
0x00007ffa19700000 - 0x00007ffa19894000 	C:\WINDOWS\System32\USER32.dll
0x00007ffa18130000 - 0x00007ffa18151000 	C:\WINDOWS\System32\win32u.dll
0x00007ffa1abf0000 - 0x00007ffa1ac16000 	C:\WINDOWS\System32\GDI32.dll
0x00007ffa18b40000 - 0x00007ffa18cd5000 	C:\WINDOWS\System32\gdi32full.dll
0x00007ffa190e0000 - 0x00007ffa1917e000 	C:\WINDOWS\System32\msvcp_win.dll
0x00007ffa18940000 - 0x00007ffa18a3a000 	C:\WINDOWS\System32\ucrtbase.dll
0x00007ffa09ed0000 - 0x00007ffa0a154000 	C:\WINDOWS\WinSxS\amd64_microsoft.windows.common-controls_6595b64144ccf1df_6.0.18362.900_none_e6beb9d913147d17\COMCTL32.dll
0x00007ffa19930000 - 0x00007ffa19c65000 	C:\WINDOWS\System32\combase.dll
0x00007ffa18a40000 - 0x00007ffa18ac0000 	C:\WINDOWS\System32\bcryptPrimitives.dll
0x00007ffa1ac20000 - 0x00007ffa1ac4e000 	C:\WINDOWS\System32\IMM32.DLL
0x000000006afc0000 - 0x000000006b092000 	C:\Program Files\Java\jdk1.8.0_91\jre\bin\msvcr100.dll
0x000000006a720000 - 0x000000006afb3000 	C:\Program Files\Java\jdk1.8.0_91\jre\bin\server\jvm.dll
0x00007ffa196f0000 - 0x00007ffa196f8000 	C:\WINDOWS\System32\PSAPI.DLL
0x00007ffa10a20000 - 0x00007ffa10a2a000 	C:\WINDOWS\SYSTEM32\VERSION.dll
0x00007ffa15900000 - 0x00007ffa15924000 	C:\WINDOWS\SYSTEM32\WINMM.dll
0x00007ffa083e0000 - 0x00007ffa083e9000 	C:\WINDOWS\SYSTEM32\WSOCK32.dll
0x00007ffa1a2e0000 - 0x00007ffa1a34f000 	C:\WINDOWS\System32\WS2_32.dll
0x00007ffa157a0000 - 0x00007ffa157cd000 	C:\WINDOWS\SYSTEM32\winmmbase.dll
0x00007ffa18ac0000 - 0x00007ffa18b0a000 	C:\WINDOWS\System32\cfgmgr32.dll
0x000000006a710000 - 0x000000006a71f000 	C:\Program Files\Java\jdk1.8.0_91\jre\bin\verify.dll
0x000000006a6e0000 - 0x000000006a709000 	C:\Program Files\Java\jdk1.8.0_91\jre\bin\java.dll
0x000000006a650000 - 0x000000006a673000 	C:\Program Files\Java\jdk1.8.0_91\jre\bin\instrument.dll
0x000000006a6c0000 - 0x000000006a6d6000 	C:\Program Files\Java\jdk1.8.0_91\jre\bin\zip.dll
0x00007ffa1a500000 - 0x00007ffa1abe6000 	C:\WINDOWS\System32\SHELL32.dll
0x00007ffa19e50000 - 0x00007ffa19ef9000 	C:\WINDOWS\System32\shcore.dll
0x00007ffa18160000 - 0x00007ffa188e0000 	C:\WINDOWS\System32\windows.storage.dll
0x00007ffa18100000 - 0x00007ffa18123000 	C:\WINDOWS\System32\profapi.dll
0x00007ffa18070000 - 0x00007ffa180ba000 	C:\WINDOWS\System32\powrprof.dll
0x00007ffa18060000 - 0x00007ffa18070000 	C:\WINDOWS\System32\UMPDC.dll
0x00007ffa19370000 - 0x00007ffa193c2000 	C:\WINDOWS\System32\shlwapi.dll
0x00007ffa180c0000 - 0x00007ffa180d1000 	C:\WINDOWS\System32\kernel.appcore.dll
0x00007ffa19180000 - 0x00007ffa19197000 	C:\WINDOWS\System32\cryptsp.dll
0x00007ff9d8a50000 - 0x00007ff9d8a6a000 	D:\IDEA\JetBrains\IntelliJ IDEA 2019.3.1\bin\breakgen64.dll
0x000000006a6a0000 - 0x000000006a6ba000 	C:\Program Files\Java\jdk1.8.0_91\jre\bin\net.dll
0x00007ffa178d0000 - 0x00007ffa17937000 	C:\WINDOWS\system32\mswsock.dll
0x00007ffa17620000 - 0x00007ffa176eb000 	C:\WINDOWS\SYSTEM32\DNSAPI.dll
0x00007ffa1a350000 - 0x00007ffa1a358000 	C:\WINDOWS\System32\NSI.dll
0x00007ffa175e0000 - 0x00007ffa1761a000 	C:\WINDOWS\SYSTEM32\IPHLPAPI.DLL
0x00007ffa01e60000 - 0x00007ffa01e6a000 	C:\Windows\System32\rasadhlp.dll
0x00007ffa0ab30000 - 0x00007ffa0aba7000 	C:\WINDOWS\System32\fwpuclnt.dll
0x00007ffa18b10000 - 0x00007ffa18b36000 	C:\WINDOWS\System32\bcrypt.dll
0x000000006a640000 - 0x000000006a64d000 	C:\Program Files\Java\jdk1.8.0_91\jre\bin\management.dll
0x000000006a680000 - 0x000000006a691000 	C:\Program Files\Java\jdk1.8.0_91\jre\bin\nio.dll
0x00007ffa173e0000 - 0x00007ffa17413000 	C:\WINDOWS\system32\rsaenh.dll
0x00007ffa17f50000 - 0x00007ffa17f75000 	C:\WINDOWS\SYSTEM32\USERENV.dll
0x00007ffa17aa0000 - 0x00007ffa17aac000 	C:\WINDOWS\SYSTEM32\CRYPTBASE.dll
0x00007ffa0f8e0000 - 0x00007ffa0f8f6000 	C:\WINDOWS\SYSTEM32\dhcpcsvc6.DLL
0x00007ffa0f440000 - 0x00007ffa0f45c000 	C:\WINDOWS\SYSTEM32\dhcpcsvc.DLL
0x00007ffa036e0000 - 0x00007ffa036f6000 	C:\WINDOWS\system32\napinsp.dll
0x00007ffa035e0000 - 0x00007ffa035fa000 	C:\WINDOWS\system32\pnrpnsp.dll
0x00007ffa13ef0000 - 0x00007ffa13f0c000 	C:\WINDOWS\system32\NLAapi.dll
0x00007ffa035a0000 - 0x00007ffa035b5000 	C:\WINDOWS\system32\wshbth.dll
0x00007ffa03460000 - 0x00007ffa0346e000 	C:\WINDOWS\System32\winrnr.dll
0x000000006a610000 - 0x000000006a634000 	C:\Program Files\Java\jdk1.8.0_91\jre\bin\sunec.dll
0x00007ffa16970000 - 0x00007ffa16b64000 	C:\WINDOWS\SYSTEM32\dbghelp.dll

VM Arguments:
jvm_args: -XX:TieredStopAtLevel=1 -Xverify:none -Dspring.output.ansi.enabled=always -Dcom.sun.management.jmxremote -Dspring.jmx.enabled=true -Dspring.liveBeansView.mbeanDomain -Dspring.application.admin.enabled=true -javaagent:D:\IDEA\JetBrains\IntelliJ IDEA 2019.3.1\lib\idea_rt.jar=51647:D:\IDEA\JetBrains\IntelliJ IDEA 2019.3.1\bin -Dfile.encoding=UTF-8 
java_command: com.hopeshop.HsRegistry
java_class_path (initial): C:\Program Files\Java\jdk1.8.0_91\jre\lib\charsets.jar;C:\Program Files\Java\jdk1.8.0_91\jre\lib\deploy.jar;C:\Program Files\Java\jdk1.8.0_91\jre\lib\ext\access-bridge-64.jar;C:\Program Files\Java\jdk1.8.0_91\jre\lib\ext\cldrdata.jar;C:\Program Files\Java\jdk1.8.0_91\jre\lib\ext\dnsns.jar;C:\Program Files\Java\jdk1.8.0_91\jre\lib\ext\jaccess.jar;C:\Program Files\Java\jdk1.8.0_91\jre\lib\ext\jfxrt.jar;C:\Program Files\Java\jdk1.8.0_91\jre\lib\ext\localedata.jar;C:\Program Files\Java\jdk1.8.0_91\jre\lib\ext\nashorn.jar;C:\Program Files\Java\jdk1.8.0_91\jre\lib\ext\sunec.jar;C:\Program Files\Java\jdk1.8.0_91\jre\lib\ext\sunjce_provider.jar;C:\Program Files\Java\jdk1.8.0_91\jre\lib\ext\sunmscapi.jar;C:\Program Files\Java\jdk1.8.0_91\jre\lib\ext\sunpkcs11.jar;C:\Program Files\Java\jdk1.8.0_91\jre\lib\ext\zipfs.jar;C:\Program Files\Java\jdk1.8.0_91\jre\lib\javaws.jar;C:\Program Files\Java\jdk1.8.0_91\jre\lib\jce.jar;C:\Program Files\Java\jdk1.8.0_91\jre\lib\jfr.jar;C:\Program Files\Java\jdk1.8.0_91\jre\lib\jfxswt.jar;C:\Program Files\Java\jdk1.8.0_91\jre\lib\jsse.jar;C:\Program Files\Java\jdk1.8.0_91\jre\lib\management-agent.jar;C:\Program Files\Java\jdk1.8.0_91\jre\lib\plugin.jar;C:\Program Files\Java\jdk1.8.0_91\jre\lib\resources.jar;C:\Program Files\Java\jdk1.8.0_91\jre\lib\rt.jar;D:\file_project\hopeshop\hs-registry\target\classes;D:\repository\org\springframework\cloud\spring-cloud-starter-netflix-eureka-server\2.0.0.RC1\spring-cloud-starter-netflix-eureka-server-2.0.0.RC1.jar;D:\repository\org\springframework\cloud\spring-cloud-starter\2.0.0.RC1\spring-cloud-starter-2.0.0.RC1.jar;D:\repository\org\springframework\boot\spring-boot-starter\2.0.1.RELEASE\spring-boot-starter-2.0.1.RELEASE.jar;D:\repository\org\springframework\boot\spring-boot\2.0.1.RELEASE\spring-boot-2.0.1.RELEASE.jar;D:\repository\org\springframework\spring-context\5.0.5.RELEASE\spring-context-5.0.5.RELEASE.jar;D:\repository\org\springframework\boot\spring-boot-autoconfigu
Launcher Type: SUN_STANDARD

Environment Variables:
JAVA_HOME=C:\Program Files\Java\jdk1.8.0_91
CLASSPATH=.;C:\Program Files\Java\jdk1.8.0_91\lib;C:\Program Files\Java\jdk1.8.0_91\lib\tool.jar
PATH=C:\Program Files (x86)\Intel\Intel(R) Management Engine Components\iCLS\;C:\Program Files\Intel\Intel(R) Management Engine Components\iCLS\;C:\Windows\system32;C:\Windows;C:\Windows\System32\Wbem;C:\Windows\System32\WindowsPowerShell\v1.0\;C:\Windows\System32\OpenSSH\;C:\Program Files (x86)\Intel\Intel(R) Management Engine Components\DAL;C:\Program Files\Intel\Intel(R) Management Engine Components\DAL;C:\Program Files (x86)\Intel\Intel(R) Management Engine Components\IPT;C:\Program Files\Intel\Intel(R) Management Engine Components\IPT;C:\Program Files (x86)\NVIDIA Corporation\PhysX\Common;C:\WINDOWS\system32;C:\WINDOWS;C:\WINDOWS\System32\Wbem;C:\WINDOWS\System32\WindowsPowerShell\v1.0\;C:\WINDOWS\System32\OpenSSH\;C:\Program Files\Intel\WiFi\bin\;C:\Program Files\Common Files\Intel\WirelessCommon\;C:\Program Files\Java\jdk1.8.0_91\bin;D:\Uplod\apache-maven-3.6.1\bin;D:\学习\Git\Git\bin;C:\Program Files\MySQL\MySQL Server 5.5\bin;C:\Program Files\MongoDB\Server\4.2\bin;"C:\Program Files\erl9.3\bin;";D:\software\node\;C:\Program Files\Java\jdk1.8.0_91\bin;.;C:\Program Files\Java\jdk1.8.0_91\lib;C:\Program Files\Java\jdk1.8.0_91\lib\tool.jar;C:\Users\25948\AppData\Roaming\npm;C:\Users\25948\AppData\Local\Microsoft\WindowsApps;;D:\电脑管家\IDEAl\IntelliJ IDEA 2019.1.3\bin;;D:\电脑管家\VSCodeUserSetup\Microsoft VS Code\bin;C:\Users\25948\AppData\Roaming\npm
USERNAME=25948
OS=Windows_NT
PROCESSOR_IDENTIFIER=Intel64 Family 6 Model 142 Stepping 10, GenuineIntel



---------------  S Y S T E M  ---------------

OS: Windows 10.0 , 64 bit Build 18362 (10.0.18362.900)

CPU:total 8 (4 cores per cpu, 2 threads per core) family 6 model 142 stepping 10, cmov, cx8, fxsr, mmx, sse, sse2, sse3, ssse3, sse4.1, sse4.2, popcnt, avx, avx2, aes, clmul, erms, 3dnowpref, lzcnt, ht, tsc, tscinvbit, bmi1, bmi2, adx

Memory: 4k page, physical 8268520k(366384k free), swap 18754276k(400k free)

vm_info: Java HotSpot(TM) 64-Bit Server VM (25.91-b14) for windows-amd64 JRE (1.8.0_91-b14), built on Apr  1 2016 00:58:32 by "java_re" with MS VC++ 10.0 (VS2010)

time: Wed Jul 01 18:46:44 2020
elapsed time: 13 seconds (0d 0h 0m 13s)

